<?xml version="1.0" encoding="UTF-8"?>
<!-- Generated by org.testng.reporters.JUnitReportReporter -->
<testsuite hostname="Lavanya-Laptop" failures="0" tests="1" name="tests.Test2" time="0.032" errors="0" timestamp="2022-01-20T00:42:16 EST" skipped="0">
  <testcase classname="tests.Test2" name="FacebookTest" time="0.032"/>
  <system-out/>
</testsuite> <!-- tests.Test2 -->
