<?xml version="1.0" encoding="UTF-8"?>
<!-- Generated by org.testng.reporters.JUnitReportReporter -->
<testsuite hostname="Lavanya-Laptop" failures="0" tests="1" name="tests.GoogleTest" time="3.541" errors="0" timestamp="2022-01-20T21:43:58 EST" skipped="0">
  <testcase classname="tests.GoogleTest" name="openGoogle" time="3.541"/>
  <system-out/>
</testsuite> <!-- tests.GoogleTest -->
